<?xml version="1.0" encoding="UTF-8"?>
<testsuite xmlns:xsi="http://www.w3.org/2001/XMLSchema-instance" xsi:noNamespaceSchemaLocation="https://maven.apache.org/surefire/maven-surefire-plugin/xsd/surefire-test-report-3.0.xsd" version="3.0" name="dev.deepak.userservicetestfinal.UserservicetestfinalApplicationTests" time="0.014" tests="1" errors="0" skipped="0" failures="0">
  <properties>
[...]
</properties>
  <testcase name="contextLoads" classname="dev.deepak.userservicetestfinal.UserservicetestfinalApplicationTests" time="0.005">
    <system-out><![CDATA[2024-01-19T22:03:46.795+05:30  INFO 7608 --- [           main] t.c.s.AnnotationConfigContextLoaderUtils : Could not detect default configuration classes for test class [dev.deepak.userservicetestfinal.UserservicetestfinalApplicationTests]: UserservicetestfinalApplicationTests does not declare any static, non-private, non-final, nested classes annotated with @Configuration.
2024-01-19T22:03:46.797+05:30  INFO 7608 --- [           main] .b.t.c.SpringBootTestContextBootstrapper : Found @SpringBootConfiguration dev.deepak.userservicetestfinal.UserservicetestfinalApplication for test class dev.deepak.userservicetestfinal.UserservicetestfinalApplicationTests
]]></system-out>
  </testcase>
</testsuite>